<?xml version="1.0" encoding="UTF-8"?>
<testsuite xmlns:xsi="http://www.w3.org/2001/XMLSchema-instance" xsi:noNamespaceSchemaLocation="https://maven.apache.org/surefire/maven-surefire-plugin/xsd/surefire-test-report-3.0.xsd" version="3.0" name="CalculadoraDeDescontosTest" time="0.065" tests="6" errors="0" skipped="0" failures="0">
  <properties>
[...]
</properties>
  <testcase name="deveRetornarCincoPorcentoDescontoParaCompraDeCemExatos" classname="CalculadoraDeDescontosTest" time="0.032"/>
  <testcase name="deveRetornarZeroDescontoParaCompraAbaixoDeCem" classname="CalculadoraDeDescontosTest" time="0.001"/>
  <testcase name="deveRetornarCincoPorcentoDescontoParaCompraEntreCemEQuinhentos" classname="CalculadoraDeDescontosTest" time="0.001"/>
  <testcase name="deveRetornarCincoPorcentoDescontoParaCompraDeQuinhentosExatos" classname="CalculadoraDeDescontosTest" time="0.001"/>
  <testcase name="deveRetornarDezPorcentoDescontoParaCompraAcimaDeQuinhentos" classname="CalculadoraDeDescontosTest" time="0.001"/>
  <testcase name="deveLancarExcecaoParaValorNegativo" classname="CalculadoraDeDescontosTest" time="0.002"/>
</testsuite>